{
  "stats": {
    "suites": 5,
    "tests": 11,
    "passes": 11,
    "pending": 0,
    "failures": 0,
    "testsRegistered": 11,
    "passPercent": 100,
    "pendingPercent": 0,
    "other": 0,
    "hasOther": false,
    "skipped": 0,
    "hasSkipped": false,
    "start": "2024-12-04T00:23:24.033Z",
    "end": "2024-12-04T00:24:06.367Z",
    "duration": 42334
  },
  "results": [
    {
      "uuid": "bd649bc2-2e41-4f5d-9b06-b84cd66a0729",
      "title": "",
      "fullFile": "cypress/e2e/homePage/homePageLoad.spec.cy.js",
      "file": "cypress/e2e/homePage/homePageLoad.spec.cy.js",
      "beforeHooks": [],
      "afterHooks": [],
      "tests": [],
      "suites": [
        {
          "uuid": "517f4f10-a97f-4556-a790-756ef81c2605",
          "title": "Home Page Load",
          "fullFile": "",
          "file": "",
          "beforeHooks": [],
          "afterHooks": [],
          "tests": [
            {
              "title": "TC-001: Should load the Home Page with correct title and hero text",
              "fullTitle": "Home Page Load TC-001: Should load the Home Page with correct title and hero text",
              "timedOut": null,
              "duration": 13270,
              "state": "passed",
              "speed": "slow",
              "pass": true,
              "fail": false,
              "pending": false,
              "context": null,
              "code": "cy.title().should(\"eq\", _verificationData.default.englishTitle);\n_homePage.default.heroTitle.should(\"have.text\", _verificationData.default.englishH1Text).should(\"be.visible\");",
              "err": {},
              "uuid": "cc3455c7-76e6-4720-956b-3f23aaf90241",
              "parentUUID": "517f4f10-a97f-4556-a790-756ef81c2605",
              "isHook": false,
              "skipped": false
            }
          ],
          "suites": [],
          "passes": [
            "cc3455c7-76e6-4720-956b-3f23aaf90241"
          ],
          "failures": [],
          "pending": [],
          "skipped": [],
          "duration": 13270,
          "root": false,
          "rootEmpty": false,
          "_timeout": 2000
        }
      ],
      "passes": [],
      "failures": [],
      "pending": [],
      "skipped": [],
      "duration": 0,
      "root": true,
      "rootEmpty": true,
      "_timeout": 2000
    },
    {
      "uuid": "c0fa22cf-f7c4-4cbc-99d2-c7e5aca1c82a",
      "title": "",
      "fullFile": "cypress/e2e/learningResources/grades/grade1/grade1.spec.cy.js",
      "file": "cypress/e2e/learningResources/grades/grade1/grade1.spec.cy.js",
      "beforeHooks": [],
      "afterHooks": [],
      "tests": [],
      "suites": [
        {
          "uuid": "f80c7e14-5b58-4556-84c6-d8397e99d04a",
          "title": "Grade 1 functionality",
          "fullFile": "",
          "file": "",
          "beforeHooks": [],
          "afterHooks": [],
          "tests": [
            {
              "title": "TC-005: Should display frames and navigate correctly when clicking on each",
              "fullTitle": "Grade 1 functionality TC-005: Should display frames and navigate correctly when clicking on each",
              "timedOut": null,
              "duration": 22769,
              "state": "passed",
              "speed": "slow",
              "pass": true,
              "fail": false,
              "pending": false,
              "context": null,
              "code": "_verificationData.default.subjects.forEach(subjectData => {\n  cy.contains(subjectData.subject).should(\"be.visible\").click();\n  cy.url().should(\"eq\", subjectData.url);\n  cy.title().should(\"eq\", subjectData.title);\n  cy.go(\"back\");\n});",
              "err": {},
              "uuid": "715370bb-bc23-47b4-880b-0f759206a546",
              "parentUUID": "f80c7e14-5b58-4556-84c6-d8397e99d04a",
              "isHook": false,
              "skipped": false
            }
          ],
          "suites": [],
          "passes": [
            "715370bb-bc23-47b4-880b-0f759206a546"
          ],
          "failures": [],
          "pending": [],
          "skipped": [],
          "duration": 22769,
          "root": false,
          "rootEmpty": false,
          "_timeout": 2000
        }
      ],
      "passes": [],
      "failures": [],
      "pending": [],
      "skipped": [],
      "duration": 0,
      "root": true,
      "rootEmpty": true,
      "_timeout": 2000
    },
    {
      "uuid": "7033d573-cd7e-413a-9795-feb53d111d2d",
      "title": "",
      "fullFile": "cypress/e2e/header/headerFunctionality.spec.cy.js",
      "file": "cypress/e2e/header/headerFunctionality.spec.cy.js",
      "beforeHooks": [],
      "afterHooks": [],
      "tests": [],
      "suites": [
        {
          "uuid": "2ef340fd-b44a-4236-ab3c-c64607ebbebd",
          "title": "Header Functionality",
          "fullFile": "",
          "file": "",
          "beforeHooks": [],
          "afterHooks": [],
          "tests": [
            {
              "title": "TC-002: Should display the logo and redirect to the Home Page on click",
              "fullTitle": "Header Functionality TC-002: Should display the logo and redirect to the Home Page on click",
              "timedOut": null,
              "duration": 20420,
              "state": "passed",
              "speed": "slow",
              "pass": true,
              "fail": false,
              "pending": false,
              "context": null,
              "code": "_header.default.logoImage.should(\"be.visible\").click();\ncy.title().should(\"eq\", _verificationData.default.englishTitle);",
              "err": {},
              "uuid": "24d25539-7d70-4fdf-9fe1-856a48cce324",
              "parentUUID": "2ef340fd-b44a-4236-ab3c-c64607ebbebd",
              "isHook": false,
              "skipped": false
            },
            {
              "title": "TC-003: Should toggle between French and English languages",
              "fullTitle": "Header Functionality TC-003: Should toggle between French and English languages",
              "timedOut": null,
              "duration": 3135,
              "state": "passed",
              "speed": "fast",
              "pass": true,
              "fail": false,
              "pending": false,
              "context": null,
              "code": "_header.default.frenchLanguageLink.click();\n_homePage.default.heroTitle.should(\"have.text\", _verificationData.default.frenchH1Text).should(\"be.visible\");\n_header.default.englishLanguageLink.click();\n_homePage.default.heroTitle.should(\"have.text\", _verificationData.default.englishH1Text).should(\"be.visible\");",
              "err": {},
              "uuid": "6d00000a-2cff-4871-b1eb-b3a7209074e5",
              "parentUUID": "2ef340fd-b44a-4236-ab3c-c64607ebbebd",
              "isHook": false,
              "skipped": false
            },
            {
              "title": "TC-004: Should verify 'Learning Resources' button opens dropdown and links lead to correct pages",
              "fullTitle": "Header Functionality TC-004: Should verify 'Learning Resources' button opens dropdown and links lead to correct pages",
              "timedOut": null,
              "duration": 3631,
              "state": "passed",
              "speed": "fast",
              "pass": true,
              "fail": false,
              "pending": false,
              "context": null,
              "code": "_verificationData2.default.learningResourcesLinks.forEach(link => {\n  _header.default.learningResourcesButton.click();\n  _header.default.learningResourcesDropdown.should(\"be.visible\");\n  _header.default.getLearningResourcesDropdownLink(link.label).click();\n  cy.url().should(\"eq\", link.url);\n  cy.title().should(\"eq\", link.title);\n});",
              "err": {},
              "uuid": "4728f16b-5e24-404a-806d-e827047b45f2",
              "parentUUID": "2ef340fd-b44a-4236-ab3c-c64607ebbebd",
              "isHook": false,
              "skipped": false
            }
          ],
          "suites": [],
          "passes": [
            "24d25539-7d70-4fdf-9fe1-856a48cce324",
            "6d00000a-2cff-4871-b1eb-b3a7209074e5",
            "4728f16b-5e24-404a-806d-e827047b45f2"
          ],
          "failures": [],
          "pending": [],
          "skipped": [],
          "duration": 27186,
          "root": false,
          "rootEmpty": false,
          "_timeout": 2000
        }
      ],
      "passes": [],
      "failures": [],
      "pending": [],
      "skipped": [],
      "duration": 0,
      "root": true,
      "rootEmpty": true,
      "_timeout": 2000
    },
    {
      "uuid": "28ed6d7f-e4ba-4256-8734-559c7b8e0806",
      "title": "",
      "fullFile": "cypress/e2e/learningResources/grades/grade1/Mathematics/mathematics.spec.cy.js",
      "file": "cypress/e2e/learningResources/grades/grade1/Mathematics/mathematics.spec.cy.js",
      "beforeHooks": [],
      "afterHooks": [],
      "tests": [],
      "suites": [
        {
          "uuid": "1e050972-8786-41ac-930f-a43e00cc222d",
          "title": "Grade 1 Mathematics functionality",
          "fullFile": "",
          "file": "",
          "beforeHooks": [],
          "afterHooks": [],
          "tests": [
            {
              "title": "TC-006: Should display 'Helpful Tips' link and navigate correctly on click",
              "fullTitle": "Grade 1 Mathematics functionality TC-006: Should display 'Helpful Tips' link and navigate correctly on click",
              "timedOut": null,
              "duration": 5918,
              "state": "passed",
              "speed": "medium",
              "pass": true,
              "fail": false,
              "pending": false,
              "context": null,
              "code": "_mathematicsPage.default.helpfulTipsLink.should(\"be.visible\").click();\ncy.url().should(\"eq\", _verificationData.default.helpfulTipsUrl);\ncy.title().should(\"eq\", _verificationData.default.helpfulTipsTitle);",
              "err": {},
              "uuid": "988f3f65-bed8-4061-98e7-5215b7ccbd03",
              "parentUUID": "1e050972-8786-41ac-930f-a43e00cc222d",
              "isHook": false,
              "skipped": false
            },
            {
              "title": "TC-007: Should verify Mathematics sections and its activities",
              "fullTitle": "Grade 1 Mathematics functionality TC-007: Should verify Mathematics sections and its activities",
              "timedOut": null,
              "duration": 2465,
              "state": "passed",
              "speed": "fast",
              "pass": true,
              "fail": false,
              "pending": false,
              "context": null,
              "code": "_verificationData.default.sections.forEach(section => {\n  cy.contains(\"button\", section.name).should(\"be.visible\").click();\n  section.activities.forEach(activity => {\n    cy.contains(activity).should(\"be.visible\");\n  });\n});",
              "err": {},
              "uuid": "8d08c316-d312-4819-ad58-886c8a90d3d2",
              "parentUUID": "1e050972-8786-41ac-930f-a43e00cc222d",
              "isHook": false,
              "skipped": false
            },
            {
              "title": "TC-008: Should verify that video Resources For Learning have correct links",
              "fullTitle": "Grade 1 Mathematics functionality TC-008: Should verify that video Resources For Learning have correct links",
              "timedOut": null,
              "duration": 1047,
              "state": "passed",
              "speed": "fast",
              "pass": true,
              "fail": false,
              "pending": false,
              "context": null,
              "code": "_mathematicsPage.default.videoLearningResource.should(\"have.length\", _verificationData.default.videoResourcesForLearningLinks.length);\n_mathematicsPage.default.videoLearningResource.each((element, index) => {\n  const expectedLink = _verificationData.default.videoResourcesForLearningLinks[index].href;\n  cy.wrap(element).should(\"have.attr\", \"href\", expectedLink);\n});",
              "err": {},
              "uuid": "c32d6f6a-438b-429e-a2c5-5a2d1946b22d",
              "parentUUID": "1e050972-8786-41ac-930f-a43e00cc222d",
              "isHook": false,
              "skipped": false
            },
            {
              "title": "TC-009: Should verify that game Resources For Learning have correct links",
              "fullTitle": "Grade 1 Mathematics functionality TC-009: Should verify that game Resources For Learning have correct links",
              "timedOut": null,
              "duration": 811,
              "state": "passed",
              "speed": "fast",
              "pass": true,
              "fail": false,
              "pending": false,
              "context": null,
              "code": "_mathematicsPage.default.gameLearningResource.should(\"have.length\", _verificationData.default.gameResourcesForLearningLinks.length);\n_mathematicsPage.default.gameLearningResource.each((element, index) => {\n  const expectedLink = _verificationData.default.gameResourcesForLearningLinks[index].href;\n  cy.wrap(element).should(\"have.attr\", \"href\", expectedLink);\n});",
              "err": {},
              "uuid": "05568ea4-2e01-4685-ab90-fe5cb128460c",
              "parentUUID": "1e050972-8786-41ac-930f-a43e00cc222d",
              "isHook": false,
              "skipped": false
            }
          ],
          "suites": [],
          "passes": [
            "988f3f65-bed8-4061-98e7-5215b7ccbd03",
            "8d08c316-d312-4819-ad58-886c8a90d3d2",
            "c32d6f6a-438b-429e-a2c5-5a2d1946b22d",
            "05568ea4-2e01-4685-ab90-fe5cb128460c"
          ],
          "failures": [],
          "pending": [],
          "skipped": [],
          "duration": 10241,
          "root": false,
          "rootEmpty": false,
          "_timeout": 2000
        }
      ],
      "passes": [],
      "failures": [],
      "pending": [],
      "skipped": [],
      "duration": 0,
      "root": true,
      "rootEmpty": true,
      "_timeout": 2000
    },
    {
      "uuid": "1a5c4dff-c2c1-4cf5-8b06-d1e6c5bf81d2",
      "title": "",
      "fullFile": "cypress/e2e/learningResources/grades/grade1/Mathematics/number/learningActivity1.spec.cy.js",
      "file": "cypress/e2e/learningResources/grades/grade1/Mathematics/number/learningActivity1.spec.cy.js",
      "beforeHooks": [],
      "afterHooks": [],
      "tests": [],
      "suites": [
        {
          "uuid": "de94f661-045d-40e2-8b5d-68680cdc5405",
          "title": "Learning 1 functionality",
          "fullFile": "",
          "file": "",
          "beforeHooks": [],
          "afterHooks": [],
          "tests": [
            {
              "title": "TC-010: Should load Learning Activity 1 Page with correct URL and Title",
              "fullTitle": "Learning 1 functionality TC-010: Should load Learning Activity 1 Page with correct URL and Title",
              "timedOut": null,
              "duration": 3212,
              "state": "passed",
              "speed": "fast",
              "pass": true,
              "fail": false,
              "pending": false,
              "context": null,
              "code": "cy.url().should(\"eq\", _verificationData.default.learningActivity1Url);\ncy.title().should(\"eq\", _verificationData.default.learningActivity1Title);",
              "err": {},
              "uuid": "31d92738-6d3d-4eec-9c1d-6f8ec66d06d0",
              "parentUUID": "de94f661-045d-40e2-8b5d-68680cdc5405",
              "isHook": false,
              "skipped": false
            },
            {
              "title": "TC-011: Should have a video player",
              "fullTitle": "Learning 1 functionality TC-011: Should have a video player",
              "timedOut": null,
              "duration": 1490,
              "state": "passed",
              "speed": "fast",
              "pass": true,
              "fail": false,
              "pending": false,
              "context": null,
              "code": "_learningActivity.default.iframe.should(\"exist\");\n_learningActivity.default.video.should(\"be.visible\");",
              "err": {},
              "uuid": "40bd9589-fbf5-49c5-8ce7-a0e0921958a7",
              "parentUUID": "de94f661-045d-40e2-8b5d-68680cdc5405",
              "isHook": false,
              "skipped": false
            }
          ],
          "suites": [],
          "passes": [
            "31d92738-6d3d-4eec-9c1d-6f8ec66d06d0",
            "40bd9589-fbf5-49c5-8ce7-a0e0921958a7"
          ],
          "failures": [],
          "pending": [],
          "skipped": [],
          "duration": 4702,
          "root": false,
          "rootEmpty": false,
          "_timeout": 2000
        }
      ],
      "passes": [],
      "failures": [],
      "pending": [],
      "skipped": [],
      "duration": 0,
      "root": true,
      "rootEmpty": true,
      "_timeout": 2000
    }
  ],
  "meta": {
    "mocha": {
      "version": "7.0.1"
    },
    "mochawesome": {
      "options": {
        "quiet": false,
        "reportFilename": "mochawesome",
        "saveHtml": false,
        "saveJson": true,
        "consoleReporter": "spec",
        "useInlineDiffs": false,
        "code": true
      },
      "version": "7.1.3"
    },
    "marge": {
      "options": {
        "reportDir": "mochawesome-report-firefox/.jsons",
        "overwrite": false,
        "showPassed": true,
        "html": false,
        "json": true,
        "alwaysGenerateReport": true
      },
      "version": "6.2.0"
    }
  }
}