{
  "stats": {
    "suites": 1,
    "tests": 1,
    "passes": 1,
    "pending": 0,
    "failures": 0,
    "start": "2024-12-02T21:58:27.392Z",
    "end": "2024-12-02T21:58:31.785Z",
    "duration": 4393,
    "testsRegistered": 1,
    "passPercent": 100,
    "pendingPercent": 0,
    "other": 0,
    "hasOther": false,
    "skipped": 0,
    "hasSkipped": false
  },
  "results": [
    {
      "uuid": "925d8bc9-bcaf-4170-ad1f-a6d4bf23b761",
      "title": "",
      "fullFile": "cypress/e2e/learningResources/grades/grade1/grade1.spec.cy.js",
      "file": "cypress/e2e/learningResources/grades/grade1/grade1.spec.cy.js",
      "beforeHooks": [],
      "afterHooks": [],
      "tests": [],
      "suites": [
        {
          "uuid": "07ed3e10-ba05-448b-ad14-5e617fe91e33",
          "title": "Grade 1 functionality",
          "fullFile": "",
          "file": "",
          "beforeHooks": [],
          "afterHooks": [],
          "tests": [
            {
              "title": "TC-005: Should display frames and navigate correctly when clicking on each",
              "fullTitle": "Grade 1 functionality TC-005: Should display frames and navigate correctly when clicking on each",
              "timedOut": null,
              "duration": 4203,
              "state": "passed",
              "speed": "fast",
              "pass": true,
              "fail": false,
              "pending": false,
              "context": null,
              "code": "_verificationData.default.subjects.forEach(subjectData => {\n  cy.contains(subjectData.subject).should(\"be.visible\").click();\n  cy.url().should(\"eq\", subjectData.url);\n  cy.title().should(\"eq\", subjectData.title);\n  cy.go(\"back\");\n});",
              "err": {},
              "uuid": "b4b26075-20e9-4ee5-9dfd-b732fc171644",
              "parentUUID": "07ed3e10-ba05-448b-ad14-5e617fe91e33",
              "isHook": false,
              "skipped": false
            }
          ],
          "suites": [],
          "passes": [
            "b4b26075-20e9-4ee5-9dfd-b732fc171644"
          ],
          "failures": [],
          "pending": [],
          "skipped": [],
          "duration": 4203,
          "root": false,
          "rootEmpty": false,
          "_timeout": 2000
        }
      ],
      "passes": [],
      "failures": [],
      "pending": [],
      "skipped": [],
      "duration": 0,
      "root": true,
      "rootEmpty": true,
      "_timeout": 2000
    }
  ],
  "meta": {
    "mocha": {
      "version": "7.0.1"
    },
    "mochawesome": {
      "options": {
        "quiet": false,
        "reportFilename": "mochawesome",
        "saveHtml": false,
        "saveJson": true,
        "consoleReporter": "spec",
        "useInlineDiffs": false,
        "code": true
      },
      "version": "7.1.3"
    },
    "marge": {
      "options": {
        "overwrite": false,
        "showPassed": true,
        "html": false,
        "json": true,
        "alwaysGenerateReport": true,
        "reportDir": "cypress/reports/html/.jsons"
      },
      "version": "6.2.0"
    }
  }
}