{
  "stats": {
    "suites": 1,
    "tests": 3,
    "passes": 3,
    "pending": 0,
    "failures": 0,
    "start": "2024-12-03T01:43:50.562Z",
    "end": "2024-12-03T01:44:04.607Z",
    "duration": 14045,
    "testsRegistered": 3,
    "passPercent": 100,
    "pendingPercent": 0,
    "other": 0,
    "hasOther": false,
    "skipped": 0,
    "hasSkipped": false
  },
  "results": [
    {
      "uuid": "61b9ac25-6e18-4ccc-b9b3-3daa5967517e",
      "title": "",
      "fullFile": "cypress/e2e/header/headerFunctionality.spec.cy.js",
      "file": "cypress/e2e/header/headerFunctionality.spec.cy.js",
      "beforeHooks": [],
      "afterHooks": [],
      "tests": [],
      "suites": [
        {
          "uuid": "9d4b9d20-67ce-4eae-ac10-1bff3014d98d",
          "title": "Header Functionality",
          "fullFile": "",
          "file": "",
          "beforeHooks": [],
          "afterHooks": [],
          "tests": [
            {
              "title": "TC-002: Should display the logo and redirect to the Home Page on click",
              "fullTitle": "Header Functionality TC-002: Should display the logo and redirect to the Home Page on click",
              "timedOut": null,
              "duration": 8436,
              "state": "passed",
              "speed": "medium",
              "pass": true,
              "fail": false,
              "pending": false,
              "context": null,
              "code": "_header.default.logoImage.should(\"be.visible\").click();\ncy.title().should(\"eq\", _verificationData.default.englishTitle);",
              "err": {},
              "uuid": "ca9df1ca-1a59-4dc9-b8b5-337dafee9551",
              "parentUUID": "9d4b9d20-67ce-4eae-ac10-1bff3014d98d",
              "isHook": false,
              "skipped": false
            },
            {
              "title": "TC-003: Should toggle between French and English languages",
              "fullTitle": "Header Functionality TC-003: Should toggle between French and English languages",
              "timedOut": null,
              "duration": 1965,
              "state": "passed",
              "speed": "fast",
              "pass": true,
              "fail": false,
              "pending": false,
              "context": null,
              "code": "_header.default.frenchLanguageLink.click();\n_homePage.default.heroTitle.should(\"have.text\", _verificationData.default.frenchH1Text).should(\"be.visible\");\n_header.default.englishLanguageLink.click();\n_homePage.default.heroTitle.should(\"have.text\", _verificationData.default.englishH1Text).should(\"be.visible\");",
              "err": {},
              "uuid": "6ef4422d-a9ca-4eac-993e-030fd1a90ee5",
              "parentUUID": "9d4b9d20-67ce-4eae-ac10-1bff3014d98d",
              "isHook": false,
              "skipped": false
            },
            {
              "title": "TC-004: Should verify 'Learning Resources' button opens dropdown and links lead to correct pages",
              "fullTitle": "Header Functionality TC-004: Should verify 'Learning Resources' button opens dropdown and links lead to correct pages",
              "timedOut": null,
              "duration": 2944,
              "state": "passed",
              "speed": "fast",
              "pass": true,
              "fail": false,
              "pending": false,
              "context": null,
              "code": "_verificationData2.default.learningResourcesLinks.forEach(link => {\n  _header.default.learningResourcesButton.click();\n  _header.default.learningResourcesDropdown.should(\"be.visible\");\n  _header.default.getLearningResourcesDropdownLink(link.label).click();\n  cy.url().should(\"eq\", link.url);\n  cy.title().should(\"eq\", link.title);\n});",
              "err": {},
              "uuid": "45a2289d-91df-4c62-b7ed-48ed8d9a63ba",
              "parentUUID": "9d4b9d20-67ce-4eae-ac10-1bff3014d98d",
              "isHook": false,
              "skipped": false
            }
          ],
          "suites": [],
          "passes": [
            "ca9df1ca-1a59-4dc9-b8b5-337dafee9551",
            "6ef4422d-a9ca-4eac-993e-030fd1a90ee5",
            "45a2289d-91df-4c62-b7ed-48ed8d9a63ba"
          ],
          "failures": [],
          "pending": [],
          "skipped": [],
          "duration": 13345,
          "root": false,
          "rootEmpty": false,
          "_timeout": 2000
        }
      ],
      "passes": [],
      "failures": [],
      "pending": [],
      "skipped": [],
      "duration": 0,
      "root": true,
      "rootEmpty": true,
      "_timeout": 2000
    }
  ],
  "meta": {
    "mocha": {
      "version": "7.0.1"
    },
    "mochawesome": {
      "options": {
        "quiet": false,
        "reportFilename": "mochawesome",
        "saveHtml": false,
        "saveJson": true,
        "consoleReporter": "spec",
        "useInlineDiffs": false,
        "code": true
      },
      "version": "7.1.3"
    },
    "marge": {
      "options": {
        "overwrite": false,
        "showPassed": true,
        "html": false,
        "json": true,
        "alwaysGenerateReport": true,
        "reportDir": "cypress/reports/html/.jsons"
      },
      "version": "6.2.0"
    }
  }
}