{
  "stats": {
    "suites": 1,
    "tests": 3,
    "passes": 3,
    "pending": 0,
    "failures": 0,
    "start": "2024-12-02T22:33:42.357Z",
    "end": "2024-12-02T22:33:55.681Z",
    "duration": 13324,
    "testsRegistered": 3,
    "passPercent": 100,
    "pendingPercent": 0,
    "other": 0,
    "hasOther": false,
    "skipped": 0,
    "hasSkipped": false
  },
  "results": [
    {
      "uuid": "a4021efa-8e02-457b-be56-0a0bfbebb291",
      "title": "",
      "fullFile": "cypress/e2e/header/headerFunctionality.spec.cy.js",
      "file": "cypress/header/headerFunctionality.spec.cy.js",
      "beforeHooks": [],
      "afterHooks": [],
      "tests": [],
      "suites": [
        {
          "uuid": "cfdb642e-9772-46b3-b2bc-de496a7eda50",
          "title": "Header Functionality",
          "fullFile": "",
          "file": "",
          "beforeHooks": [],
          "afterHooks": [],
          "tests": [
            {
              "title": "TC-002: Should display the logo and redirect to the Home Page on click",
              "fullTitle": "Header Functionality TC-002: Should display the logo and redirect to the Home Page on click",
              "timedOut": null,
              "duration": 4755,
              "state": "passed",
              "speed": "fast",
              "pass": true,
              "fail": false,
              "pending": false,
              "context": null,
              "code": "_header.default.logoImage.should(\"be.visible\").click();\ncy.title().should(\"eq\", _verificationData.default.englishTitle);",
              "err": {},
              "uuid": "5bda1b24-7474-4ba8-ad92-3add76fa6b1c",
              "parentUUID": "cfdb642e-9772-46b3-b2bc-de496a7eda50",
              "isHook": false,
              "skipped": false
            },
            {
              "title": "TC-003: Should toggle between French and English languages",
              "fullTitle": "Header Functionality TC-003: Should toggle between French and English languages",
              "timedOut": null,
              "duration": 2559,
              "state": "passed",
              "speed": "fast",
              "pass": true,
              "fail": false,
              "pending": false,
              "context": null,
              "code": "_header.default.frenchLanguageLink.click();\n_homePage.default.heroTitle.should(\"have.text\", _verificationData.default.frenchH1Text).should(\"be.visible\");\n_header.default.englishLanguageLink.click();\n_homePage.default.heroTitle.should(\"have.text\", _verificationData.default.englishH1Text).should(\"be.visible\");",
              "err": {},
              "uuid": "6a9c910e-8de1-4ad7-b63f-61fb8abf13c6",
              "parentUUID": "cfdb642e-9772-46b3-b2bc-de496a7eda50",
              "isHook": false,
              "skipped": false
            },
            {
              "title": "TC-004: Should verify 'Learning Resources' button opens dropdown and links lead to correct pages",
              "fullTitle": "Header Functionality TC-004: Should verify 'Learning Resources' button opens dropdown and links lead to correct pages",
              "timedOut": null,
              "duration": 5609,
              "state": "passed",
              "speed": "medium",
              "pass": true,
              "fail": false,
              "pending": false,
              "context": null,
              "code": "_verificationData2.default.learningResourcesLinks.forEach(link => {\n  _header.default.learningResourcesButton.click();\n  _header.default.learningResourcesDropdown.should(\"be.visible\");\n  _header.default.getLearningResourcesDropdownLink(link.label).click();\n  cy.url().should(\"eq\", link.url);\n  cy.title().should(\"eq\", link.title);\n});",
              "err": {},
              "uuid": "23cfef96-b357-4d8e-8883-38c0ebdafe6f",
              "parentUUID": "cfdb642e-9772-46b3-b2bc-de496a7eda50",
              "isHook": false,
              "skipped": false
            }
          ],
          "suites": [],
          "passes": [
            "5bda1b24-7474-4ba8-ad92-3add76fa6b1c",
            "6a9c910e-8de1-4ad7-b63f-61fb8abf13c6",
            "23cfef96-b357-4d8e-8883-38c0ebdafe6f"
          ],
          "failures": [],
          "pending": [],
          "skipped": [],
          "duration": 12923,
          "root": false,
          "rootEmpty": false,
          "_timeout": 2000
        }
      ],
      "passes": [],
      "failures": [],
      "pending": [],
      "skipped": [],
      "duration": 0,
      "root": true,
      "rootEmpty": true,
      "_timeout": 2000
    }
  ],
  "meta": {
    "mocha": {
      "version": "7.0.1"
    },
    "mochawesome": {
      "options": {
        "quiet": false,
        "reportFilename": "mochawesome",
        "saveHtml": false,
        "saveJson": true,
        "consoleReporter": "spec",
        "useInlineDiffs": false,
        "code": true
      },
      "version": "7.1.3"
    },
    "marge": {
      "options": {
        "overwrite": false,
        "showPassed": true,
        "html": false,
        "json": true,
        "alwaysGenerateReport": true,
        "reportDir": "cypress/reports/html/.jsons"
      },
      "version": "6.2.0"
    }
  }
}