{
  "stats": {
    "suites": 1,
    "tests": 1,
    "passes": 1,
    "pending": 0,
    "failures": 0,
    "start": "2024-12-03T01:47:39.341Z",
    "end": "2024-12-03T01:47:43.384Z",
    "duration": 4043,
    "testsRegistered": 1,
    "passPercent": 100,
    "pendingPercent": 0,
    "other": 0,
    "hasOther": false,
    "skipped": 0,
    "hasSkipped": false
  },
  "results": [
    {
      "uuid": "cbf48399-31a4-4f39-a731-a066de539fe6",
      "title": "",
      "fullFile": "cypress/e2e/homePage/homePageLoad.spec.cy.js",
      "file": "cypress/e2e/homePage/homePageLoad.spec.cy.js",
      "beforeHooks": [],
      "afterHooks": [],
      "tests": [],
      "suites": [
        {
          "uuid": "66345382-f481-4466-840a-c7b3d302d641",
          "title": "Home Page Load",
          "fullFile": "",
          "file": "",
          "beforeHooks": [],
          "afterHooks": [],
          "tests": [
            {
              "title": "TC-001: Should load the Home Page with correct title and hero text",
              "fullTitle": "Home Page Load TC-001: Should load the Home Page with correct title and hero text",
              "timedOut": null,
              "duration": 3725,
              "state": "passed",
              "speed": "fast",
              "pass": true,
              "fail": false,
              "pending": false,
              "context": null,
              "code": "cy.title().should(\"eq\", _verificationData.default.englishTitle);\n_homePage.default.heroTitle.should(\"have.text\", _verificationData.default.englishH1Text).should(\"be.visible\");",
              "err": {},
              "uuid": "417a30a1-e6f2-48cc-95e4-959edaa99954",
              "parentUUID": "66345382-f481-4466-840a-c7b3d302d641",
              "isHook": false,
              "skipped": false
            }
          ],
          "suites": [],
          "passes": [
            "417a30a1-e6f2-48cc-95e4-959edaa99954"
          ],
          "failures": [],
          "pending": [],
          "skipped": [],
          "duration": 3725,
          "root": false,
          "rootEmpty": false,
          "_timeout": 2000
        }
      ],
      "passes": [],
      "failures": [],
      "pending": [],
      "skipped": [],
      "duration": 0,
      "root": true,
      "rootEmpty": true,
      "_timeout": 2000
    }
  ],
  "meta": {
    "mocha": {
      "version": "7.0.1"
    },
    "mochawesome": {
      "options": {
        "quiet": false,
        "reportFilename": "mochawesome",
        "saveHtml": false,
        "saveJson": true,
        "consoleReporter": "spec",
        "useInlineDiffs": false,
        "code": true
      },
      "version": "7.1.3"
    },
    "marge": {
      "options": {
        "overwrite": false,
        "showPassed": true,
        "html": false,
        "json": true,
        "alwaysGenerateReport": true,
        "reportDir": "cypress/reports/html/.jsons"
      },
      "version": "6.2.0"
    }
  }
}