{
  "stats": {
    "suites": 1,
    "tests": 1,
    "passes": 1,
    "pending": 0,
    "failures": 0,
    "start": "2024-12-03T01:47:45.365Z",
    "end": "2024-12-03T01:47:55.787Z",
    "duration": 10422,
    "testsRegistered": 1,
    "passPercent": 100,
    "pendingPercent": 0,
    "other": 0,
    "hasOther": false,
    "skipped": 0,
    "hasSkipped": false
  },
  "results": [
    {
      "uuid": "472de3b7-7292-40b1-84da-7b14f0df3bf9",
      "title": "",
      "fullFile": "cypress/e2e/learningResources/grades/grade1/grade1.spec.cy.js",
      "file": "cypress/e2e/learningResources/grades/grade1/grade1.spec.cy.js",
      "beforeHooks": [],
      "afterHooks": [],
      "tests": [],
      "suites": [
        {
          "uuid": "5b6e0024-361d-4ea5-a4f2-bde5a2f9831c",
          "title": "Grade 1 functionality",
          "fullFile": "",
          "file": "",
          "beforeHooks": [],
          "afterHooks": [],
          "tests": [
            {
              "title": "TC-005: Should display frames and navigate correctly when clicking on each",
              "fullTitle": "Grade 1 functionality TC-005: Should display frames and navigate correctly when clicking on each",
              "timedOut": null,
              "duration": 10031,
              "state": "passed",
              "speed": "slow",
              "pass": true,
              "fail": false,
              "pending": false,
              "context": null,
              "code": "_verificationData.default.subjects.forEach(subjectData => {\n  cy.contains(subjectData.subject).should(\"be.visible\").click();\n  cy.url().should(\"eq\", subjectData.url);\n  cy.title().should(\"eq\", subjectData.title);\n  cy.go(\"back\");\n});",
              "err": {},
              "uuid": "b82d11c5-5d08-4212-af37-c1ef6019d88e",
              "parentUUID": "5b6e0024-361d-4ea5-a4f2-bde5a2f9831c",
              "isHook": false,
              "skipped": false
            }
          ],
          "suites": [],
          "passes": [
            "b82d11c5-5d08-4212-af37-c1ef6019d88e"
          ],
          "failures": [],
          "pending": [],
          "skipped": [],
          "duration": 10031,
          "root": false,
          "rootEmpty": false,
          "_timeout": 2000
        }
      ],
      "passes": [],
      "failures": [],
      "pending": [],
      "skipped": [],
      "duration": 0,
      "root": true,
      "rootEmpty": true,
      "_timeout": 2000
    }
  ],
  "meta": {
    "mocha": {
      "version": "7.0.1"
    },
    "mochawesome": {
      "options": {
        "quiet": false,
        "reportFilename": "mochawesome",
        "saveHtml": false,
        "saveJson": true,
        "consoleReporter": "spec",
        "useInlineDiffs": false,
        "code": true
      },
      "version": "7.1.3"
    },
    "marge": {
      "options": {
        "overwrite": false,
        "showPassed": true,
        "html": false,
        "json": true,
        "alwaysGenerateReport": true,
        "reportDir": "cypress/reports/html/.jsons"
      },
      "version": "6.2.0"
    }
  }
}