{
  "stats": {
    "suites": 1,
    "tests": 3,
    "passes": 3,
    "pending": 0,
    "failures": 0,
    "start": "2024-12-02T21:58:13.175Z",
    "end": "2024-12-02T21:58:26.396Z",
    "duration": 13221,
    "testsRegistered": 3,
    "passPercent": 100,
    "pendingPercent": 0,
    "other": 0,
    "hasOther": false,
    "skipped": 0,
    "hasSkipped": false
  },
  "results": [
    {
      "uuid": "c24297fe-5288-482f-8765-6561473951a0",
      "title": "",
      "fullFile": "cypress/e2e/header/headerFunctionality.spec.cy.js",
      "file": "cypress/e2e/header/headerFunctionality.spec.cy.js",
      "beforeHooks": [],
      "afterHooks": [],
      "tests": [],
      "suites": [
        {
          "uuid": "a1a83366-ae65-4207-93c0-19351a64760e",
          "title": "Header Functionality",
          "fullFile": "",
          "file": "",
          "beforeHooks": [],
          "afterHooks": [],
          "tests": [
            {
              "title": "TC-002: Should display the logo and redirect to the Home Page on click",
              "fullTitle": "Header Functionality TC-002: Should display the logo and redirect to the Home Page on click",
              "timedOut": null,
              "duration": 4069,
              "state": "passed",
              "speed": "fast",
              "pass": true,
              "fail": false,
              "pending": false,
              "context": null,
              "code": "_header.default.logoImage.should(\"be.visible\").click();\ncy.title().should(\"eq\", _verificationData.default.englishTitle);",
              "err": {},
              "uuid": "895cc09e-6076-4f0e-a5ba-e6e691e1cb06",
              "parentUUID": "a1a83366-ae65-4207-93c0-19351a64760e",
              "isHook": false,
              "skipped": false
            },
            {
              "title": "TC-003: Should toggle between French and English languages",
              "fullTitle": "Header Functionality TC-003: Should toggle between French and English languages",
              "timedOut": null,
              "duration": 6045,
              "state": "passed",
              "speed": "medium",
              "pass": true,
              "fail": false,
              "pending": false,
              "context": null,
              "code": "_header.default.frenchLanguageLink.click();\n_homePage.default.heroTitle.should(\"have.text\", _verificationData.default.frenchH1Text).should(\"be.visible\");\n_header.default.englishLanguageLink.click();\n_homePage.default.heroTitle.should(\"have.text\", _verificationData.default.englishH1Text).should(\"be.visible\");",
              "err": {},
              "uuid": "8875c18d-5e35-43f1-a241-fd3a406aac10",
              "parentUUID": "a1a83366-ae65-4207-93c0-19351a64760e",
              "isHook": false,
              "skipped": false
            },
            {
              "title": "TC-004: Should verify 'Learning Resources' button opens dropdown and links lead to correct pages",
              "fullTitle": "Header Functionality TC-004: Should verify 'Learning Resources' button opens dropdown and links lead to correct pages",
              "timedOut": null,
              "duration": 2812,
              "state": "passed",
              "speed": "fast",
              "pass": true,
              "fail": false,
              "pending": false,
              "context": null,
              "code": "_verificationData2.default.learningResourcesLinks.forEach(link => {\n  _header.default.learningResourcesButton.click();\n  _header.default.learningResourcesDropdown.should(\"be.visible\");\n  _header.default.getLearningResourcesDropdownLink(link.label).click();\n  cy.url().should(\"eq\", link.url);\n  cy.title().should(\"eq\", link.title);\n});",
              "err": {},
              "uuid": "d93ac073-9358-4980-b481-b33d4e3e2df7",
              "parentUUID": "a1a83366-ae65-4207-93c0-19351a64760e",
              "isHook": false,
              "skipped": false
            }
          ],
          "suites": [],
          "passes": [
            "895cc09e-6076-4f0e-a5ba-e6e691e1cb06",
            "8875c18d-5e35-43f1-a241-fd3a406aac10",
            "d93ac073-9358-4980-b481-b33d4e3e2df7"
          ],
          "failures": [],
          "pending": [],
          "skipped": [],
          "duration": 12926,
          "root": false,
          "rootEmpty": false,
          "_timeout": 2000
        }
      ],
      "passes": [],
      "failures": [],
      "pending": [],
      "skipped": [],
      "duration": 0,
      "root": true,
      "rootEmpty": true,
      "_timeout": 2000
    }
  ],
  "meta": {
    "mocha": {
      "version": "7.0.1"
    },
    "mochawesome": {
      "options": {
        "quiet": false,
        "reportFilename": "mochawesome",
        "saveHtml": false,
        "saveJson": true,
        "consoleReporter": "spec",
        "useInlineDiffs": false,
        "code": true
      },
      "version": "7.1.3"
    },
    "marge": {
      "options": {
        "overwrite": false,
        "showPassed": true,
        "html": false,
        "json": true,
        "alwaysGenerateReport": true,
        "reportDir": "cypress/reports/html/.jsons"
      },
      "version": "6.2.0"
    }
  }
}