{
  "stats": {
    "suites": 1,
    "tests": 2,
    "passes": 2,
    "pending": 0,
    "failures": 0,
    "start": "2024-12-02T22:34:31.137Z",
    "end": "2024-12-02T22:34:37.158Z",
    "duration": 6021,
    "testsRegistered": 2,
    "passPercent": 100,
    "pendingPercent": 0,
    "other": 0,
    "hasOther": false,
    "skipped": 0,
    "hasSkipped": false
  },
  "results": [
    {
      "uuid": "9916c628-799c-4005-b9f7-84c685f51c19",
      "title": "",
      "fullFile": "cypress/e2e/learningResources/grades/grade1/Mathematics/number/learningActivity1.spec.cy.js",
      "file": "cypress/learningResources/grades/grade1/Mathematics/number/learningActivity1.spec.cy.js",
      "beforeHooks": [],
      "afterHooks": [],
      "tests": [],
      "suites": [
        {
          "uuid": "0302b6c2-b64b-4a9c-9b8a-038f7823f672",
          "title": "Learning 1 functionality",
          "fullFile": "",
          "file": "",
          "beforeHooks": [],
          "afterHooks": [],
          "tests": [
            {
              "title": "TC-010: Should load Learning Activity 1 Page with correct URL and Title",
              "fullTitle": "Learning 1 functionality TC-010: Should load Learning Activity 1 Page with correct URL and Title",
              "timedOut": null,
              "duration": 3351,
              "state": "passed",
              "speed": "fast",
              "pass": true,
              "fail": false,
              "pending": false,
              "context": null,
              "code": "cy.url().should(\"eq\", _verificationData.default.learningActivity1Url);\ncy.title().should(\"eq\", _verificationData.default.learningActivity1Title);",
              "err": {},
              "uuid": "9c11c174-90f0-480b-8c43-8fd3193b9399",
              "parentUUID": "0302b6c2-b64b-4a9c-9b8a-038f7823f672",
              "isHook": false,
              "skipped": false
            },
            {
              "title": "TC-011: Should have a video player",
              "fullTitle": "Learning 1 functionality TC-011: Should have a video player",
              "timedOut": null,
              "duration": 2495,
              "state": "passed",
              "speed": "fast",
              "pass": true,
              "fail": false,
              "pending": false,
              "context": null,
              "code": "_learningActivity.default.iframe.should(\"exist\");\n_learningActivity.default.video.should(\"be.visible\");",
              "err": {},
              "uuid": "408da312-0042-4209-8b09-478a3b5c0141",
              "parentUUID": "0302b6c2-b64b-4a9c-9b8a-038f7823f672",
              "isHook": false,
              "skipped": false
            }
          ],
          "suites": [],
          "passes": [
            "9c11c174-90f0-480b-8c43-8fd3193b9399",
            "408da312-0042-4209-8b09-478a3b5c0141"
          ],
          "failures": [],
          "pending": [],
          "skipped": [],
          "duration": 5846,
          "root": false,
          "rootEmpty": false,
          "_timeout": 2000
        }
      ],
      "passes": [],
      "failures": [],
      "pending": [],
      "skipped": [],
      "duration": 0,
      "root": true,
      "rootEmpty": true,
      "_timeout": 2000
    }
  ],
  "meta": {
    "mocha": {
      "version": "7.0.1"
    },
    "mochawesome": {
      "options": {
        "quiet": false,
        "reportFilename": "mochawesome",
        "saveHtml": false,
        "saveJson": true,
        "consoleReporter": "spec",
        "useInlineDiffs": false,
        "code": true
      },
      "version": "7.1.3"
    },
    "marge": {
      "options": {
        "overwrite": false,
        "showPassed": true,
        "html": false,
        "json": true,
        "alwaysGenerateReport": true,
        "reportDir": "cypress/reports/html/.jsons"
      },
      "version": "6.2.0"
    }
  }
}