{
  "stats": {
    "suites": 1,
    "tests": 4,
    "passes": 4,
    "pending": 0,
    "failures": 0,
    "start": "2024-12-03T01:47:57.741Z",
    "end": "2024-12-03T01:48:08.832Z",
    "duration": 11091,
    "testsRegistered": 4,
    "passPercent": 100,
    "pendingPercent": 0,
    "other": 0,
    "hasOther": false,
    "skipped": 0,
    "hasSkipped": false
  },
  "results": [
    {
      "uuid": "a7af94af-487b-4f98-a328-a6df90e2f788",
      "title": "",
      "fullFile": "cypress/e2e/learningResources/grades/grade1/Mathematics/mathematics.spec.cy.js",
      "file": "cypress/e2e/learningResources/grades/grade1/Mathematics/mathematics.spec.cy.js",
      "beforeHooks": [],
      "afterHooks": [],
      "tests": [],
      "suites": [
        {
          "uuid": "83e7a2ce-18df-413d-aa4b-5c82dafb3042",
          "title": "Grade 1 Mathematics functionality",
          "fullFile": "",
          "file": "",
          "beforeHooks": [],
          "afterHooks": [],
          "tests": [
            {
              "title": "TC-006: Should display 'Helpful Tips' link and navigate correctly on click",
              "fullTitle": "Grade 1 Mathematics functionality TC-006: Should display 'Helpful Tips' link and navigate correctly on click",
              "timedOut": null,
              "duration": 4510,
              "state": "passed",
              "speed": "fast",
              "pass": true,
              "fail": false,
              "pending": false,
              "context": null,
              "code": "_mathematicsPage.default.helpfulTipsLink.should(\"be.visible\").click();\ncy.url().should(\"eq\", _verificationData.default.helpfulTipsUrl);\ncy.title().should(\"eq\", _verificationData.default.helpfulTipsTitle);",
              "err": {},
              "uuid": "9dc81209-6a9a-43e0-9e06-426cc3eb0608",
              "parentUUID": "83e7a2ce-18df-413d-aa4b-5c82dafb3042",
              "isHook": false,
              "skipped": false
            },
            {
              "title": "TC-007: Should verify Mathematics sections and its activities",
              "fullTitle": "Grade 1 Mathematics functionality TC-007: Should verify Mathematics sections and its activities",
              "timedOut": null,
              "duration": 2779,
              "state": "passed",
              "speed": "fast",
              "pass": true,
              "fail": false,
              "pending": false,
              "context": null,
              "code": "_verificationData.default.sections.forEach(section => {\n  cy.contains(\"button\", section.name).should(\"be.visible\").click();\n  section.activities.forEach(activity => {\n    cy.contains(activity).should(\"be.visible\");\n  });\n});",
              "err": {},
              "uuid": "32f16611-c1cd-43c9-9b26-461acaa320ec",
              "parentUUID": "83e7a2ce-18df-413d-aa4b-5c82dafb3042",
              "isHook": false,
              "skipped": false
            },
            {
              "title": "TC-008: Should verify that video Resources For Learning have correct links",
              "fullTitle": "Grade 1 Mathematics functionality TC-008: Should verify that video Resources For Learning have correct links",
              "timedOut": null,
              "duration": 1481,
              "state": "passed",
              "speed": "fast",
              "pass": true,
              "fail": false,
              "pending": false,
              "context": null,
              "code": "_mathematicsPage.default.videoLearningResource.should(\"have.length\", _verificationData.default.videoResourcesForLearningLinks.length);\n_mathematicsPage.default.videoLearningResource.each((element, index) => {\n  const expectedLink = _verificationData.default.videoResourcesForLearningLinks[index].href;\n  cy.wrap(element).should(\"have.attr\", \"href\", expectedLink);\n});",
              "err": {},
              "uuid": "a0a271f3-a806-43b7-b8ff-376abf3260c2",
              "parentUUID": "83e7a2ce-18df-413d-aa4b-5c82dafb3042",
              "isHook": false,
              "skipped": false
            },
            {
              "title": "TC-009: Should verify that game Resources For Learning have correct links",
              "fullTitle": "Grade 1 Mathematics functionality TC-009: Should verify that game Resources For Learning have correct links",
              "timedOut": null,
              "duration": 1600,
              "state": "passed",
              "speed": "fast",
              "pass": true,
              "fail": false,
              "pending": false,
              "context": null,
              "code": "_mathematicsPage.default.gameLearningResource.should(\"have.length\", _verificationData.default.gameResourcesForLearningLinks.length);\n_mathematicsPage.default.gameLearningResource.each((element, index) => {\n  const expectedLink = _verificationData.default.gameResourcesForLearningLinks[index].href;\n  cy.wrap(element).should(\"have.attr\", \"href\", expectedLink);\n});",
              "err": {},
              "uuid": "c04f1f80-ad87-4791-9a39-32a63add6e1f",
              "parentUUID": "83e7a2ce-18df-413d-aa4b-5c82dafb3042",
              "isHook": false,
              "skipped": false
            }
          ],
          "suites": [],
          "passes": [
            "9dc81209-6a9a-43e0-9e06-426cc3eb0608",
            "32f16611-c1cd-43c9-9b26-461acaa320ec",
            "a0a271f3-a806-43b7-b8ff-376abf3260c2",
            "c04f1f80-ad87-4791-9a39-32a63add6e1f"
          ],
          "failures": [],
          "pending": [],
          "skipped": [],
          "duration": 10370,
          "root": false,
          "rootEmpty": false,
          "_timeout": 2000
        }
      ],
      "passes": [],
      "failures": [],
      "pending": [],
      "skipped": [],
      "duration": 0,
      "root": true,
      "rootEmpty": true,
      "_timeout": 2000
    }
  ],
  "meta": {
    "mocha": {
      "version": "7.0.1"
    },
    "mochawesome": {
      "options": {
        "quiet": false,
        "reportFilename": "mochawesome",
        "saveHtml": false,
        "saveJson": true,
        "consoleReporter": "spec",
        "useInlineDiffs": false,
        "code": true
      },
      "version": "7.1.3"
    },
    "marge": {
      "options": {
        "overwrite": false,
        "showPassed": true,
        "html": false,
        "json": true,
        "alwaysGenerateReport": true,
        "reportDir": "cypress/reports/html/.jsons"
      },
      "version": "6.2.0"
    }
  }
}