{
  "stats": {
    "suites": 1,
    "tests": 2,
    "passes": 1,
    "pending": 2,
    "failures": -1,
    "start": "2024-11-19T04:18:01.512Z",
    "end": "2024-11-19T04:18:05.262Z",
    "duration": 3750,
    "testsRegistered": 3,
    "passPercent": 100,
    "pendingPercent": 66.66666666666666,
    "other": 1,
    "hasOther": true,
    "skipped": 0,
    "hasSkipped": false
  },
  "results": [
    {
      "uuid": "e8bab938-10a6-425e-b0cf-d6d0a31c94bf",
      "title": "",
      "fullFile": "cypress/e2e/learningResources/grades/grade1/Mathematics/number/learningActivity1.spec.cy.js",
      "file": "cypress/e2e/learningResources/grades/grade1/Mathematics/number/learningActivity1.spec.cy.js",
      "beforeHooks": [],
      "afterHooks": [],
      "tests": [],
      "suites": [
        {
          "uuid": "6a0daa11-a702-44f9-b133-dbce498962bc",
          "title": "Learning 1 functionality",
          "fullFile": "",
          "file": "",
          "beforeHooks": [],
          "afterHooks": [],
          "tests": [
            {
              "title": "TC-010: Should load Learning Activity 1 Page with correct URL and Title",
              "fullTitle": "Learning 1 functionality TC-010: Should load Learning Activity 1 Page with correct URL and Title",
              "timedOut": null,
              "duration": 3640,
              "state": "passed",
              "speed": "fast",
              "pass": true,
              "fail": false,
              "pending": false,
              "context": null,
              "code": "cy.url().should(\"eq\", _verificationData.default.learningActivity1Url);\ncy.title().should(\"eq\", _verificationData.default.learningActivity1Title);",
              "err": {},
              "uuid": "a2e5af2a-47b5-4037-a1f9-ddd90ee58fbb",
              "parentUUID": "6a0daa11-a702-44f9-b133-dbce498962bc",
              "isHook": false,
              "skipped": false
            },
            {
              "title": "TC-011: Should have a video player with a valid source",
              "fullTitle": "Learning 1 functionality TC-011: Should have a video player with a valid source",
              "timedOut": null,
              "duration": 0,
              "state": "pending",
              "speed": null,
              "pass": false,
              "fail": false,
              "pending": true,
              "context": null,
              "code": "_learningActivity.default.iframe.should(\"exist\");\n_learningActivity.default.video.should(\"be.visible\").and(\"have.attr\", \"src\").and(\"match\", new RegExp(_verificationData.default.videoSrc));",
              "err": {},
              "uuid": "8d01bc5e-6f93-460c-96d1-1c8fc4462da9",
              "parentUUID": "6a0daa11-a702-44f9-b133-dbce498962bc",
              "isHook": false,
              "skipped": false
            },
            {
              "title": "TC-012: Should start video playback and ensure it's not paused",
              "fullTitle": "Learning 1 functionality TC-012: Should start video playback and ensure it's not paused",
              "timedOut": null,
              "duration": 0,
              "state": "pending",
              "speed": null,
              "pass": false,
              "fail": false,
              "pending": true,
              "context": null,
              "code": "_learningActivity.default.iframe.should(\"exist\");\n_learningActivity.default.video.should(\"be.visible\").then($video => {\n  const videoElement = $video[0];\n  videoElement.play();\n  expect(videoElement.paused).to.equal(false);\n});",
              "err": {},
              "uuid": "7c57ba80-6982-4d80-94cf-68fc8663dabd",
              "parentUUID": "6a0daa11-a702-44f9-b133-dbce498962bc",
              "isHook": false,
              "skipped": false
            }
          ],
          "suites": [],
          "passes": [
            "a2e5af2a-47b5-4037-a1f9-ddd90ee58fbb"
          ],
          "failures": [],
          "pending": [
            "8d01bc5e-6f93-460c-96d1-1c8fc4462da9",
            "7c57ba80-6982-4d80-94cf-68fc8663dabd"
          ],
          "skipped": [],
          "duration": 3640,
          "root": false,
          "rootEmpty": false,
          "_timeout": 2000
        }
      ],
      "passes": [],
      "failures": [],
      "pending": [],
      "skipped": [],
      "duration": 0,
      "root": true,
      "rootEmpty": true,
      "_timeout": 2000
    }
  ],
  "meta": {
    "mocha": {
      "version": "7.0.1"
    },
    "mochawesome": {
      "options": {
        "quiet": false,
        "reportFilename": "mochawesome",
        "saveHtml": false,
        "saveJson": true,
        "consoleReporter": "spec",
        "useInlineDiffs": false,
        "code": true
      },
      "version": "7.1.3"
    },
    "marge": {
      "options": {
        "reportDir": "mochawesome-report-electron/.jsons",
        "overwrite": false,
        "showPassed": true,
        "html": false,
        "json": true,
        "alwaysGenerateReport": true
      },
      "version": "6.2.0"
    }
  }
}