{
  "stats": {
    "suites": 1,
    "tests": 4,
    "passes": 4,
    "pending": 0,
    "failures": 0,
    "start": "2024-11-19T05:49:39.074Z",
    "end": "2024-11-19T05:49:46.632Z",
    "duration": 7558,
    "testsRegistered": 4,
    "passPercent": 100,
    "pendingPercent": 0,
    "other": 0,
    "hasOther": false,
    "skipped": 0,
    "hasSkipped": false
  },
  "results": [
    {
      "uuid": "6d42f907-2be5-4f81-b8a8-d4f751b990e0",
      "title": "",
      "fullFile": "cypress/e2e/learningResources/grades/grade1/Mathematics/mathematics.spec.cy.js",
      "file": "cypress/e2e/learningResources/grades/grade1/Mathematics/mathematics.spec.cy.js",
      "beforeHooks": [],
      "afterHooks": [],
      "tests": [],
      "suites": [
        {
          "uuid": "b4906a99-787b-4a54-9d6e-6db3843d5e08",
          "title": "Grade 1 Mathematics functionality",
          "fullFile": "",
          "file": "",
          "beforeHooks": [],
          "afterHooks": [],
          "tests": [
            {
              "title": "TC-006: Should display 'Helpful Tips' link and navigate correctly on click",
              "fullTitle": "Grade 1 Mathematics functionality TC-006: Should display 'Helpful Tips' link and navigate correctly on click",
              "timedOut": null,
              "duration": 3377,
              "state": "passed",
              "speed": "fast",
              "pass": true,
              "fail": false,
              "pending": false,
              "context": null,
              "code": "_mathematicsPage.default.helpfulTipsLink.should(\"be.visible\").click();\ncy.url().should(\"eq\", _verificationData.default.helpfulTipsUrl);\ncy.title().should(\"eq\", _verificationData.default.helpfulTipsTitle);",
              "err": {},
              "uuid": "78206e67-7bc2-48b5-85be-a5993777de8f",
              "parentUUID": "b4906a99-787b-4a54-9d6e-6db3843d5e08",
              "isHook": false,
              "skipped": false
            },
            {
              "title": "TC-007: Should verify Mathematics sections and its activities",
              "fullTitle": "Grade 1 Mathematics functionality TC-007: Should verify Mathematics sections and its activities",
              "timedOut": null,
              "duration": 1874,
              "state": "passed",
              "speed": "fast",
              "pass": true,
              "fail": false,
              "pending": false,
              "context": null,
              "code": "_verificationData.default.sections.forEach(section => {\n  cy.contains(\"button\", section.name).should(\"be.visible\").click();\n  section.activities.forEach(activity => {\n    cy.contains(activity).should(\"be.visible\");\n  });\n});",
              "err": {},
              "uuid": "277afe70-a743-4cbe-8d10-0dbf0cd27c1c",
              "parentUUID": "b4906a99-787b-4a54-9d6e-6db3843d5e08",
              "isHook": false,
              "skipped": false
            },
            {
              "title": "TC-008: Should verify that video Resources For Learning have correct links",
              "fullTitle": "Grade 1 Mathematics functionality TC-008: Should verify that video Resources For Learning have correct links",
              "timedOut": null,
              "duration": 1052,
              "state": "passed",
              "speed": "fast",
              "pass": true,
              "fail": false,
              "pending": false,
              "context": null,
              "code": "_mathematicsPage.default.videoLearningResource.should(\"have.length\", _verificationData.default.videoResourcesForLearningLinks.length);\n_mathematicsPage.default.videoLearningResource.each((element, index) => {\n  const expectedLink = _verificationData.default.videoResourcesForLearningLinks[index].href;\n  cy.wrap(element).should(\"have.attr\", \"href\", expectedLink);\n});",
              "err": {},
              "uuid": "00b9dde4-1c7b-48ff-91ee-fd8f12f76c27",
              "parentUUID": "b4906a99-787b-4a54-9d6e-6db3843d5e08",
              "isHook": false,
              "skipped": false
            },
            {
              "title": "TC-009: Should verify that game Resources For Learning have correct links",
              "fullTitle": "Grade 1 Mathematics functionality TC-009: Should verify that game Resources For Learning have correct links",
              "timedOut": null,
              "duration": 1011,
              "state": "passed",
              "speed": "fast",
              "pass": true,
              "fail": false,
              "pending": false,
              "context": null,
              "code": "_mathematicsPage.default.gameLearningResource.should(\"have.length\", _verificationData.default.gameResourcesForLearningLinks.length);\n_mathematicsPage.default.gameLearningResource.each((element, index) => {\n  const expectedLink = _verificationData.default.gameResourcesForLearningLinks[index].href;\n  cy.wrap(element).should(\"have.attr\", \"href\", expectedLink);\n});",
              "err": {},
              "uuid": "2bc12a01-5e26-49f6-91a3-4fae2fe55d41",
              "parentUUID": "b4906a99-787b-4a54-9d6e-6db3843d5e08",
              "isHook": false,
              "skipped": false
            }
          ],
          "suites": [],
          "passes": [
            "78206e67-7bc2-48b5-85be-a5993777de8f",
            "277afe70-a743-4cbe-8d10-0dbf0cd27c1c",
            "00b9dde4-1c7b-48ff-91ee-fd8f12f76c27",
            "2bc12a01-5e26-49f6-91a3-4fae2fe55d41"
          ],
          "failures": [],
          "pending": [],
          "skipped": [],
          "duration": 7314,
          "root": false,
          "rootEmpty": false,
          "_timeout": 2000
        }
      ],
      "passes": [],
      "failures": [],
      "pending": [],
      "skipped": [],
      "duration": 0,
      "root": true,
      "rootEmpty": true,
      "_timeout": 2000
    }
  ],
  "meta": {
    "mocha": {
      "version": "7.0.1"
    },
    "mochawesome": {
      "options": {
        "quiet": false,
        "reportFilename": "mochawesome",
        "saveHtml": false,
        "saveJson": true,
        "consoleReporter": "spec",
        "useInlineDiffs": false,
        "code": true
      },
      "version": "7.1.3"
    },
    "marge": {
      "options": {
        "reportDir": "mochawesome-report-firefox/.jsons",
        "overwrite": false,
        "showPassed": true,
        "html": false,
        "json": true,
        "alwaysGenerateReport": true
      },
      "version": "6.2.0"
    }
  }
}