{
  "stats": {
    "suites": 1,
    "tests": 1,
    "passes": 1,
    "pending": 0,
    "failures": 0,
    "start": "2024-12-04T00:23:24.033Z",
    "end": "2024-12-04T00:23:47.532Z",
    "duration": 23499,
    "testsRegistered": 1,
    "passPercent": 100,
    "pendingPercent": 0,
    "other": 0,
    "hasOther": false,
    "skipped": 0,
    "hasSkipped": false
  },
  "results": [
    {
      "uuid": "c0fa22cf-f7c4-4cbc-99d2-c7e5aca1c82a",
      "title": "",
      "fullFile": "cypress/e2e/learningResources/grades/grade1/grade1.spec.cy.js",
      "file": "cypress/e2e/learningResources/grades/grade1/grade1.spec.cy.js",
      "beforeHooks": [],
      "afterHooks": [],
      "tests": [],
      "suites": [
        {
          "uuid": "f80c7e14-5b58-4556-84c6-d8397e99d04a",
          "title": "Grade 1 functionality",
          "fullFile": "",
          "file": "",
          "beforeHooks": [],
          "afterHooks": [],
          "tests": [
            {
              "title": "TC-005: Should display frames and navigate correctly when clicking on each",
              "fullTitle": "Grade 1 functionality TC-005: Should display frames and navigate correctly when clicking on each",
              "timedOut": null,
              "duration": 22769,
              "state": "passed",
              "speed": "slow",
              "pass": true,
              "fail": false,
              "pending": false,
              "context": null,
              "code": "_verificationData.default.subjects.forEach(subjectData => {\n  cy.contains(subjectData.subject).should(\"be.visible\").click();\n  cy.url().should(\"eq\", subjectData.url);\n  cy.title().should(\"eq\", subjectData.title);\n  cy.go(\"back\");\n});",
              "err": {},
              "uuid": "715370bb-bc23-47b4-880b-0f759206a546",
              "parentUUID": "f80c7e14-5b58-4556-84c6-d8397e99d04a",
              "isHook": false,
              "skipped": false
            }
          ],
          "suites": [],
          "passes": [
            "715370bb-bc23-47b4-880b-0f759206a546"
          ],
          "failures": [],
          "pending": [],
          "skipped": [],
          "duration": 22769,
          "root": false,
          "rootEmpty": false,
          "_timeout": 2000
        }
      ],
      "passes": [],
      "failures": [],
      "pending": [],
      "skipped": [],
      "duration": 0,
      "root": true,
      "rootEmpty": true,
      "_timeout": 2000
    }
  ],
  "meta": {
    "mocha": {
      "version": "7.0.1"
    },
    "mochawesome": {
      "options": {
        "quiet": false,
        "reportFilename": "mochawesome",
        "saveHtml": false,
        "saveJson": true,
        "consoleReporter": "spec",
        "useInlineDiffs": false,
        "code": true
      },
      "version": "7.1.3"
    },
    "marge": {
      "options": {
        "reportDir": "mochawesome-report-firefox/.jsons",
        "overwrite": false,
        "showPassed": true,
        "html": false,
        "json": true,
        "alwaysGenerateReport": true
      },
      "version": "6.2.0"
    }
  }
}